<?xml version="1.0" encoding="utf-8" standalone="no"?>
<!--This file represents the results of running a test suite-->
<test-results name="bin/cdd_specs.dll" total="8" failures="0" not-run="0" date="2010-08-27" time="22:58:07">
  <environment nunit-version="2.4.8.0" clr-version="2.0.50727.1433" os-version="Unix 2.6.34.12" platform="Unix" cwd="/home/louis/Projects/breakable/contextDriven" machine-name="linux-qcut.site" user="louis" user-domain="linux-qcut.site" />
  <culture-info current-culture="en-US" current-uiculture="en-US" />
  <test-suite name="bin/cdd_specs.dll" success="True" time="0.101" asserts="0">
    <results>
      <test-suite name="StateMachineSpec" success="True" time="0.000" asserts="0">
        <results />
      </test-suite>
      <test-suite name="StateMachineWithOneState" success="True" time="0.000" asserts="0">
        <results />
      </test-suite>
      <test-suite name="when_adding_other_states" success="True" time="0.020" asserts="0">
        <results>
          <test-case name="when_adding_other_states.should_increase_the_state_id_by_one_each_time" executed="True" success="True" time="0.014" asserts="3" />
        </results>
      </test-suite>
      <test-suite name="when_adding_the_first_state" success="True" time="0.009" asserts="0">
        <results>
          <test-case name="when_adding_the_first_state.it_should_be_the_starting_state" executed="True" success="True" time="0.005" asserts="1" />
          <test-case name="when_adding_the_first_state.it_should_have_a_state" executed="True" success="True" time="0.001" asserts="1" />
          <test-case name="when_adding_the_first_state.it_should_have_an_id_of_one" executed="True" success="True" time="0.000" asserts="1" />
        </results>
      </test-suite>
      <test-suite name="when_creating_paths" success="True" time="0.004" asserts="0">
        <results>
          <test-case name="when_creating_paths.should_have_create_a_path" executed="True" success="True" time="0.004" asserts="3" />
        </results>
      </test-suite>
      <test-suite name="when_specifying_states" success="True" time="0.001" asserts="0">
        <results>
          <test-case name="when_specifying_states.should_be_able_to_name_the_state_during_the_add" executed="True" success="True" time="0.000" asserts="1" />
        </results>
      </test-suite>
      <test-suite name="when_using_a_new_state_machine" success="True" time="0.001" asserts="0">
        <results>
          <test-case name="when_using_a_new_state_machine.it_should_not_have_a_starting_state" executed="True" success="True" time="0.000" asserts="1" />
          <test-case name="when_using_a_new_state_machine.it_should_not_have_any_state" executed="True" success="True" time="0.000" asserts="1" />
        </results>
      </test-suite>
    </results>
  </test-suite>
</test-results>